2026-02-05T23:33:40.934Z [console][warn] [HMR] Invalid message: {"action":"isrManifest","data":{"/":true}}
TypeError: Cannot read properties of undefined (reading 'components')
    at handleStaticIndicator (webpack-internal:///(pages-dir-browser)/./node_modules/.pnpm/next@15.5.9_react-dom@19.2.3_react@19.2.3__react@19.2.3/node_modules/next/dist/client/dev/hot-reloader/pages/hot-reloader-pages.js:182:46)
    at processMessage (webpack-internal:///(pages-dir-browser)/./node_modules/.pnpm/next@15.5.9_react-dom@19.2.3_react@19.2.3__react@19.2.3/node_modules/next/dist/client/dev/hot-reloader/pages/hot-reloader-pages.js:199:17)
    at eval (webpack-internal:///(pages-dir-browser)/./node_modules/.pnpm/next@15.5.9_react-dom@19.2.3_react@19.2.3__react@19.2.3/node_modules/next/dist/client/dev/hot-reloader/pages/hot-reloader-pages.js:72:13)
    at WebSocket.handleMessage (webpack-internal:///(pages-dir-browser)/./node_modules/.pnpm/next@15.5.9_react-dom@19.2.3_react@19.2.3__react@19.2.3/node_modules/next/dist/client/dev/hot-reloader/pages/websocket.js:69:17)
2026-02-05T23:33:41.862Z [console][warn] [HMR] Invalid message: {"action":"isrManifest","data":{"/":true}}
TypeError: Cannot read properties of undefined (reading 'components')
    at handleStaticIndicator (webpack-internal:///(pages-dir-browser)/./node_modules/.pnpm/next@15.5.9_react-dom@19.2.3_react@19.2.3__react@19.2.3/node_modules/next/dist/client/dev/hot-reloader/pages/hot-reloader-pages.js:182:46)
    at processMessage (webpack-internal:///(pages-dir-browser)/./node_modules/.pnpm/next@15.5.9_react-dom@19.2.3_react@19.2.3__react@19.2.3/node_modules/next/dist/client/dev/hot-reloader/pages/hot-reloader-pages.js:199:17)
    at eval (webpack-internal:///(pages-dir-browser)/./node_modules/.pnpm/next@15.5.9_react-dom@19.2.3_react@19.2.3__react@19.2.3/node_modules/next/dist/client/dev/hot-reloader/pages/hot-reloader-pages.js:72:13)
    at WebSocket.handleMessage (webpack-internal:///(pages-dir-browser)/./node_modules/.pnpm/next@15.5.9_react-dom@19.2.3_react@19.2.3__react@19.2.3/node_modules/next/dist/client/dev/hot-reloader/pages/websocket.js:69:17)
2026-02-05T23:33:43.659Z [console][warn] [HMR] Invalid message: {"action":"isrManifest","data":{"/":true}}
TypeError: Cannot read properties of undefined (reading 'components')
    at handleStaticIndicator (webpack-internal:///(pages-dir-browser)/./node_modules/.pnpm/next@15.5.9_react-dom@19.2.3_react@19.2.3__react@19.2.3/node_modules/next/dist/client/dev/hot-reloader/pages/hot-reloader-pages.js:182:46)
    at processMessage (webpack-internal:///(pages-dir-browser)/./node_modules/.pnpm/next@15.5.9_react-dom@19.2.3_react@19.2.3__react@19.2.3/node_modules/next/dist/client/dev/hot-reloader/pages/hot-reloader-pages.js:199:17)
    at eval (webpack-internal:///(pages-dir-browser)/./node_modules/.pnpm/next@15.5.9_react-dom@19.2.3_react@19.2.3__react@19.2.3/node_modules/next/dist/client/dev/hot-reloader/pages/hot-reloader-pages.js:72:13)
    at WebSocket.handleMessage (webpack-internal:///(pages-dir-browser)/./node_modules/.pnpm/next@15.5.9_react-dom@19.2.3_react@19.2.3__react@19.2.3/node_modules/next/dist/client/dev/hot-reloader/pages/websocket.js:69:17)
2026-02-05T23:33:44.703Z [console][warn] [HMR] Invalid message: {"action":"isrManifest","data":{"/":true}}
TypeError: Cannot read properties of undefined (reading 'components')
    at handleStaticIndicator (webpack-internal:///(pages-dir-browser)/./node_modules/.pnpm/next@15.5.9_react-dom@19.2.3_react@19.2.3__react@19.2.3/node_modules/next/dist/client/dev/hot-reloader/pages/hot-reloader-pages.js:182:46)
    at processMessage (webpack-internal:///(pages-dir-browser)/./node_modules/.pnpm/next@15.5.9_react-dom@19.2.3_react@19.2.3__react@19.2.3/node_modules/next/dist/client/dev/hot-reloader/pages/hot-reloader-pages.js:199:17)
    at eval (webpack-internal:///(pages-dir-browser)/./node_modules/.pnpm/next@15.5.9_react-dom@19.2.3_react@19.2.3__react@19.2.3/node_modules/next/dist/client/dev/hot-reloader/pages/hot-reloader-pages.js:72:13)
    at WebSocket.handleMessage (webpack-internal:///(pages-dir-browser)/./node_modules/.pnpm/next@15.5.9_react-dom@19.2.3_react@19.2.3__react@19.2.3/node_modules/next/dist/client/dev/hot-reloader/pages/websocket.js:69:17)
2026-02-05T23:33:45.956Z [console][warn] [HMR] Invalid message: {"action":"isrManifest","data":{"/":true}}
TypeError: Cannot read properties of undefined (reading 'components')
    at handleStaticIndicator (webpack-internal:///(pages-dir-browser)/./node_modules/.pnpm/next@15.5.9_react-dom@19.2.3_react@19.2.3__react@19.2.3/node_modules/next/dist/client/dev/hot-reloader/pages/hot-reloader-pages.js:182:46)
    at processMessage (webpack-internal:///(pages-dir-browser)/./node_modules/.pnpm/next@15.5.9_react-dom@19.2.3_react@19.2.3__react@19.2.3/node_modules/next/dist/client/dev/hot-reloader/pages/hot-reloader-pages.js:199:17)
    at eval (webpack-internal:///(pages-dir-browser)/./node_modules/.pnpm/next@15.5.9_react-dom@19.2.3_react@19.2.3__react@19.2.3/node_modules/next/dist/client/dev/hot-reloader/pages/hot-reloader-pages.js:72:13)
    at WebSocket.handleMessage (webpack-internal:///(pages-dir-browser)/./node_modules/.pnpm/next@15.5.9_react-dom@19.2.3_react@19.2.3__react@19.2.3/node_modules/next/dist/client/dev/hot-reloader/pages/websocket.js:69:17)
2026-02-05T23:33:48.703Z [console][warn] [HMR] Invalid message: {"action":"isrManifest","data":{"/":true}}
TypeError: Cannot read properties of undefined (reading 'components')
    at handleStaticIndicator (webpack-internal:///(pages-dir-browser)/./node_modules/.pnpm/next@15.5.9_react-dom@19.2.3_react@19.2.3__react@19.2.3/node_modules/next/dist/client/dev/hot-reloader/pages/hot-reloader-pages.js:182:46)
    at processMessage (webpack-internal:///(pages-dir-browser)/./node_modules/.pnpm/next@15.5.9_react-dom@19.2.3_react@19.2.3__react@19.2.3/node_modules/next/dist/client/dev/hot-reloader/pages/hot-reloader-pages.js:199:17)
    at eval (webpack-internal:///(pages-dir-browser)/./node_modules/.pnpm/next@15.5.9_react-dom@19.2.3_react@19.2.3__react@19.2.3/node_modules/next/dist/client/dev/hot-reloader/pages/hot-reloader-pages.js:72:13)
    at WebSocket.handleMessage (webpack-internal:///(pages-dir-browser)/./node_modules/.pnpm/next@15.5.9_react-dom@19.2.3_react@19.2.3__react@19.2.3/node_modules/next/dist/client/dev/hot-reloader/pages/websocket.js:69:17)
2026-02-05T23:33:49.641Z [console][log] [Fast Refresh] rebuilding
2026-02-05T23:33:53.502Z [console][warn] [HMR] Invalid message: {"action":"isrManifest","data":{"/":true}}
TypeError: Cannot read properties of undefined (reading 'components')
    at handleStaticIndicator (webpack-internal:///(pages-dir-browser)/./node_modules/.pnpm/next@15.5.9_react-dom@19.2.3_react@19.2.3__react@19.2.3/node_modules/next/dist/client/dev/hot-reloader/pages/hot-reloader-pages.js:182:46)
    at processMessage (webpack-internal:///(pages-dir-browser)/./node_modules/.pnpm/next@15.5.9_react-dom@19.2.3_react@19.2.3__react@19.2.3/node_modules/next/dist/client/dev/hot-reloader/pages/hot-reloader-pages.js:199:17)
    at eval (webpack-internal:///(pages-dir-browser)/./node_modules/.pnpm/next@15.5.9_react-dom@19.2.3_react@19.2.3__react@19.2.3/node_modules/next/dist/client/dev/hot-reloader/pages/hot-reloader-pages.js:72:13)
    at WebSocket.handleMessage (webpack-internal:///(pages-dir-browser)/./node_modules/.pnpm/next@15.5.9_react-dom@19.2.3_react@19.2.3__react@19.2.3/node_modules/next/dist/client/dev/hot-reloader/pages/websocket.js:69:17)
2026-02-05T23:33:59.283Z [console][warn] [HMR] Invalid message: {"action":"isrManifest","data":{"/":true}}
TypeError: Cannot read properties of undefined (reading 'components')
    at handleStaticIndicator (webpack-internal:///(pages-dir-browser)/./node_modules/.pnpm/next@15.5.9_react-dom@19.2.3_react@19.2.3__react@19.2.3/node_modules/next/dist/client/dev/hot-reloader/pages/hot-reloader-pages.js:182:46)
    at processMessage (webpack-internal:///(pages-dir-browser)/./node_modules/.pnpm/next@15.5.9_react-dom@19.2.3_react@19.2.3__react@19.2.3/node_modules/next/dist/client/dev/hot-reloader/pages/hot-reloader-pages.js:199:17)
    at eval (webpack-internal:///(pages-dir-browser)/./node_modules/.pnpm/next@15.5.9_react-dom@19.2.3_react@19.2.3__react@19.2.3/node_modules/next/dist/client/dev/hot-reloader/pages/hot-reloader-pages.js:72:13)
    at WebSocket.handleMessage (webpack-internal:///(pages-dir-browser)/./node_modules/.pnpm/next@15.5.9_react-dom@19.2.3_react@19.2.3__react@19.2.3/node_modules/next/dist/client/dev/hot-reloader/pages/websocket.js:69:17)
2026-02-05T23:34:02.930Z [console][warn] [HMR] Invalid message: {"action":"isrManifest","data":{"/":true}}
TypeError: Cannot read properties of undefined (reading 'components')
    at handleStaticIndicator (webpack-internal:///(pages-dir-browser)/./node_modules/.pnpm/next@15.5.9_react-dom@19.2.3_react@19.2.3__react@19.2.3/node_modules/next/dist/client/dev/hot-reloader/pages/hot-reloader-pages.js:182:46)
    at processMessage (webpack-internal:///(pages-dir-browser)/./node_modules/.pnpm/next@15.5.9_react-dom@19.2.3_react@19.2.3__react@19.2.3/node_modules/next/dist/client/dev/hot-reloader/pages/hot-reloader-pages.js:199:17)
    at eval (webpack-internal:///(pages-dir-browser)/./node_modules/.pnpm/next@15.5.9_react-dom@19.2.3_react@19.2.3__react@19.2.3/node_modules/next/dist/client/dev/hot-reloader/pages/hot-reloader-pages.js:72:13)
    at WebSocket.handleMessage (webpack-internal:///(pages-dir-browser)/./node_modules/.pnpm/next@15.5.9_react-dom@19.2.3_react@19.2.3__react@19.2.3/node_modules/next/dist/client/dev/hot-reloader/pages/websocket.js:69:17)
2026-02-05T23:34:07.337Z [console][warn] [HMR] Invalid message: {"action":"isrManifest","data":{"/":true}}
TypeError: Cannot read properties of undefined (reading 'components')
    at handleStaticIndicator (webpack-internal:///(pages-dir-browser)/./node_modules/.pnpm/next@15.5.9_react-dom@19.2.3_react@19.2.3__react@19.2.3/node_modules/next/dist/client/dev/hot-reloader/pages/hot-reloader-pages.js:182:46)
    at processMessage (webpack-internal:///(pages-dir-browser)/./node_modules/.pnpm/next@15.5.9_react-dom@19.2.3_react@19.2.3__react@19.2.3/node_modules/next/dist/client/dev/hot-reloader/pages/hot-reloader-pages.js:199:17)
    at eval (webpack-internal:///(pages-dir-browser)/./node_modules/.pnpm/next@15.5.9_react-dom@19.2.3_react@19.2.3__react@19.2.3/node_modules/next/dist/client/dev/hot-reloader/pages/hot-reloader-pages.js:72:13)
    at WebSocket.handleMessage (webpack-internal:///(pages-dir-browser)/./node_modules/.pnpm/next@15.5.9_react-dom@19.2.3_react@19.2.3__react@19.2.3/node_modules/next/dist/client/dev/hot-reloader/pages/websocket.js:69:17)
2026-02-05T23:34:07.668Z [console][warn] [HMR] Invalid message: {"action":"isrManifest","data":{"/":true}}
TypeError: Cannot read properties of undefined (reading 'components')
    at handleStaticIndicator (webpack-internal:///(pages-dir-browser)/./node_modules/.pnpm/next@15.5.9_react-dom@19.2.3_react@19.2.3__react@19.2.3/node_modules/next/dist/client/dev/hot-reloader/pages/hot-reloader-pages.js:182:46)
    at processMessage (webpack-internal:///(pages-dir-browser)/./node_modules/.pnpm/next@15.5.9_react-dom@19.2.3_react@19.2.3__react@19.2.3/node_modules/next/dist/client/dev/hot-reloader/pages/hot-reloader-pages.js:199:17)
    at eval (webpack-internal:///(pages-dir-browser)/./node_modules/.pnpm/next@15.5.9_react-dom@19.2.3_react@19.2.3__react@19.2.3/node_modules/next/dist/client/dev/hot-reloader/pages/hot-reloader-pages.js:72:13)
    at WebSocket.handleMessage (webpack-internal:///(pages-dir-browser)/./node_modules/.pnpm/next@15.5.9_react-dom@19.2.3_react@19.2.3__react@19.2.3/node_modules/next/dist/client/dev/hot-reloader/pages/websocket.js:69:17)
2026-02-05T23:34:10.880Z [console][warn] [HMR] Invalid message: {"action":"isrManifest","data":{"/":true}}
TypeError: Cannot read properties of undefined (reading 'components')
    at handleStaticIndicator (webpack-internal:///(pages-dir-browser)/./node_modules/.pnpm/next@15.5.9_react-dom@19.2.3_react@19.2.3__react@19.2.3/node_modules/next/dist/client/dev/hot-reloader/pages/hot-reloader-pages.js:182:46)
    at processMessage (webpack-internal:///(pages-dir-browser)/./node_modules/.pnpm/next@15.5.9_react-dom@19.2.3_react@19.2.3__react@19.2.3/node_modules/next/dist/client/dev/hot-reloader/pages/hot-reloader-pages.js:199:17)
    at eval (webpack-internal:///(pages-dir-browser)/./node_modules/.pnpm/next@15.5.9_react-dom@19.2.3_react@19.2.3__react@19.2.3/node_modules/next/dist/client/dev/hot-reloader/pages/hot-reloader-pages.js:72:13)
    at WebSocket.handleMessage (webpack-internal:///(pages-dir-browser)/./node_modules/.pnpm/next@15.5.9_react-dom@19.2.3_react@19.2.3__react@19.2.3/node_modules/next/dist/client/dev/hot-reloader/pages/websocket.js:69:17)
2026-02-05T23:34:16.483Z [console][warn] [HMR] Invalid message: {"action":"isrManifest","data":{"/":true}}
TypeError: Cannot read properties of undefined (reading 'components')
    at handleStaticIndicator (webpack-internal:///(pages-dir-browser)/./node_modules/.pnpm/next@15.5.9_react-dom@19.2.3_react@19.2.3__react@19.2.3/node_modules/next/dist/client/dev/hot-reloader/pages/hot-reloader-pages.js:182:46)
    at processMessage (webpack-internal:///(pages-dir-browser)/./node_modules/.pnpm/next@15.5.9_react-dom@19.2.3_react@19.2.3__react@19.2.3/node_modules/next/dist/client/dev/hot-reloader/pages/hot-reloader-pages.js:199:17)
    at eval (webpack-internal:///(pages-dir-browser)/./node_modules/.pnpm/next@15.5.9_react-dom@19.2.3_react@19.2.3__react@19.2.3/node_modules/next/dist/client/dev/hot-reloader/pages/hot-reloader-pages.js:72:13)
    at WebSocket.handleMessage (webpack-internal:///(pages-dir-browser)/./node_modules/.pnpm/next@15.5.9_react-dom@19.2.3_react@19.2.3__react@19.2.3/node_modules/next/dist/client/dev/hot-reloader/pages/websocket.js:69:17)
2026-02-05T23:34:18.012Z [console][warn] [HMR] Invalid message: {"action":"isrManifest","data":{"/":true}}
TypeError: Cannot read properties of undefined (reading 'components')
    at handleStaticIndicator (webpack-internal:///(pages-dir-browser)/./node_modules/.pnpm/next@15.5.9_react-dom@19.2.3_react@19.2.3__react@19.2.3/node_modules/next/dist/client/dev/hot-reloader/pages/hot-reloader-pages.js:182:46)
    at processMessage (webpack-internal:///(pages-dir-browser)/./node_modules/.pnpm/next@15.5.9_react-dom@19.2.3_react@19.2.3__react@19.2.3/node_modules/next/dist/client/dev/hot-reloader/pages/hot-reloader-pages.js:199:17)
    at eval (webpack-internal:///(pages-dir-browser)/./node_modules/.pnpm/next@15.5.9_react-dom@19.2.3_react@19.2.3__react@19.2.3/node_modules/next/dist/client/dev/hot-reloader/pages/hot-reloader-pages.js:72:13)
    at WebSocket.handleMessage (webpack-internal:///(pages-dir-browser)/./node_modules/.pnpm/next@15.5.9_react-dom@19.2.3_react@19.2.3__react@19.2.3/node_modules/next/dist/client/dev/hot-reloader/pages/websocket.js:69:17)
2026-02-05T23:34:22.452Z [console][warn] [HMR] Invalid message: {"action":"isrManifest","data":{"/":true}}
TypeError: Cannot read properties of undefined (reading 'components')
    at handleStaticIndicator (webpack-internal:///(pages-dir-browser)/./node_modules/.pnpm/next@15.5.9_react-dom@19.2.3_react@19.2.3__react@19.2.3/node_modules/next/dist/client/dev/hot-reloader/pages/hot-reloader-pages.js:182:46)
    at processMessage (webpack-internal:///(pages-dir-browser)/./node_modules/.pnpm/next@15.5.9_react-dom@19.2.3_react@19.2.3__react@19.2.3/node_modules/next/dist/client/dev/hot-reloader/pages/hot-reloader-pages.js:199:17)
    at eval (webpack-internal:///(pages-dir-browser)/./node_modules/.pnpm/next@15.5.9_react-dom@19.2.3_react@19.2.3__react@19.2.3/node_modules/next/dist/client/dev/hot-reloader/pages/hot-reloader-pages.js:72:13)
    at WebSocket.handleMessage (webpack-internal:///(pages-dir-browser)/./node_modules/.pnpm/next@15.5.9_react-dom@19.2.3_react@19.2.3__react@19.2.3/node_modules/next/dist/client/dev/hot-reloader/pages/websocket.js:69:17)
2026-02-05T23:34:27.892Z [console][warn] [HMR] Invalid message: {"action":"isrManifest","data":{"/":true}}
TypeError: Cannot read properties of undefined (reading 'components')
    at handleStaticIndicator (webpack-internal:///(pages-dir-browser)/./node_modules/.pnpm/next@15.5.9_react-dom@19.2.3_react@19.2.3__react@19.2.3/node_modules/next/dist/client/dev/hot-reloader/pages/hot-reloader-pages.js:182:46)
    at processMessage (webpack-internal:///(pages-dir-browser)/./node_modules/.pnpm/next@15.5.9_react-dom@19.2.3_react@19.2.3__react@19.2.3/node_modules/next/dist/client/dev/hot-reloader/pages/hot-reloader-pages.js:199:17)
    at eval (webpack-internal:///(pages-dir-browser)/./node_modules/.pnpm/next@15.5.9_react-dom@19.2.3_react@19.2.3__react@19.2.3/node_modules/next/dist/client/dev/hot-reloader/pages/hot-reloader-pages.js:72:13)
    at WebSocket.handleMessage (webpack-internal:///(pages-dir-browser)/./node_modules/.pnpm/next@15.5.9_react-dom@19.2.3_react@19.2.3__react@19.2.3/node_modules/next/dist/client/dev/hot-reloader/pages/websocket.js:69:17)
2026-02-05T23:34:29.421Z [console][warn] [HMR] Invalid message: {"action":"isrManifest","data":{"/":true}}
TypeError: Cannot read properties of undefined (reading 'components')
    at handleStaticIndicator (webpack-internal:///(pages-dir-browser)/./node_modules/.pnpm/next@15.5.9_react-dom@19.2.3_react@19.2.3__react@19.2.3/node_modules/next/dist/client/dev/hot-reloader/pages/hot-reloader-pages.js:182:46)
    at processMessage (webpack-internal:///(pages-dir-browser)/./node_modules/.pnpm/next@15.5.9_react-dom@19.2.3_react@19.2.3__react@19.2.3/node_modules/next/dist/client/dev/hot-reloader/pages/hot-reloader-pages.js:199:17)
    at eval (webpack-internal:///(pages-dir-browser)/./node_modules/.pnpm/next@15.5.9_react-dom@19.2.3_react@19.2.3__react@19.2.3/node_modules/next/dist/client/dev/hot-reloader/pages/hot-reloader-pages.js:72:13)
    at WebSocket.handleMessage (webpack-internal:///(pages-dir-browser)/./node_modules/.pnpm/next@15.5.9_react-dom@19.2.3_react@19.2.3__react@19.2.3/node_modules/next/dist/client/dev/hot-reloader/pages/websocket.js:69:17)
2026-02-05T23:34:30.193Z [console][warn] [HMR] Invalid message: {"action":"isrManifest","data":{"/":true}}
TypeError: Cannot read properties of undefined (reading 'components')
    at handleStaticIndicator (webpack-internal:///(pages-dir-browser)/./node_modules/.pnpm/next@15.5.9_react-dom@19.2.3_react@19.2.3__react@19.2.3/node_modules/next/dist/client/dev/hot-reloader/pages/hot-reloader-pages.js:182:46)
    at processMessage (webpack-internal:///(pages-dir-browser)/./node_modules/.pnpm/next@15.5.9_react-dom@19.2.3_react@19.2.3__react@19.2.3/node_modules/next/dist/client/dev/hot-reloader/pages/hot-reloader-pages.js:199:17)
    at eval (webpack-internal:///(pages-dir-browser)/./node_modules/.pnpm/next@15.5.9_react-dom@19.2.3_react@19.2.3__react@19.2.3/node_modules/next/dist/client/dev/hot-reloader/pages/hot-reloader-pages.js:72:13)
    at WebSocket.handleMessage (webpack-internal:///(pages-dir-browser)/./node_modules/.pnpm/next@15.5.9_react-dom@19.2.3_react@19.2.3__react@19.2.3/node_modules/next/dist/client/dev/hot-reloader/pages/websocket.js:69:17)
2026-02-05T23:34:30.760Z [console][warn] [HMR] Invalid message: {"action":"isrManifest","data":{"/":true}}
TypeError: Cannot read properties of undefined (reading 'components')
    at handleStaticIndicator (webpack-internal:///(pages-dir-browser)/./node_modules/.pnpm/next@15.5.9_react-dom@19.2.3_react@19.2.3__react@19.2.3/node_modules/next/dist/client/dev/hot-reloader/pages/hot-reloader-pages.js:182:46)
    at processMessage (webpack-internal:///(pages-dir-browser)/./node_modules/.pnpm/next@15.5.9_react-dom@19.2.3_react@19.2.3__react@19.2.3/node_modules/next/dist/client/dev/hot-reloader/pages/hot-reloader-pages.js:199:17)
    at eval (webpack-internal:///(pages-dir-browser)/./node_modules/.pnpm/next@15.5.9_react-dom@19.2.3_react@19.2.3__react@19.2.3/node_modules/next/dist/client/dev/hot-reloader/pages/hot-reloader-pages.js:72:13)
    at WebSocket.handleMessage (webpack-internal:///(pages-dir-browser)/./node_modules/.pnpm/next@15.5.9_react-dom@19.2.3_react@19.2.3__react@19.2.3/node_modules/next/dist/client/dev/hot-reloader/pages/websocket.js:69:17)
2026-02-05T23:34:31.341Z [console][warn] [HMR] Invalid message: {"action":"isrManifest","data":{"/":true}}
TypeError: Cannot read properties of undefined (reading 'components')
    at handleStaticIndicator (webpack-internal:///(pages-dir-browser)/./node_modules/.pnpm/next@15.5.9_react-dom@19.2.3_react@19.2.3__react@19.2.3/node_modules/next/dist/client/dev/hot-reloader/pages/hot-reloader-pages.js:182:46)
    at processMessage (webpack-internal:///(pages-dir-browser)/./node_modules/.pnpm/next@15.5.9_react-dom@19.2.3_react@19.2.3__react@19.2.3/node_modules/next/dist/client/dev/hot-reloader/pages/hot-reloader-pages.js:199:17)
    at eval (webpack-internal:///(pages-dir-browser)/./node_modules/.pnpm/next@15.5.9_react-dom@19.2.3_react@19.2.3__react@19.2.3/node_modules/next/dist/client/dev/hot-reloader/pages/hot-reloader-pages.js:72:13)
    at WebSocket.handleMessage (webpack-internal:///(pages-dir-browser)/./node_modules/.pnpm/next@15.5.9_react-dom@19.2.3_react@19.2.3__react@19.2.3/node_modules/next/dist/client/dev/hot-reloader/pages/websocket.js:69:17)
2026-02-05T23:34:31.892Z [console][warn] [HMR] Invalid message: {"action":"isrManifest","data":{"/":true}}
TypeError: Cannot read properties of undefined (reading 'components')
    at handleStaticIndicator (webpack-internal:///(pages-dir-browser)/./node_modules/.pnpm/next@15.5.9_react-dom@19.2.3_react@19.2.3__react@19.2.3/node_modules/next/dist/client/dev/hot-reloader/pages/hot-reloader-pages.js:182:46)
    at processMessage (webpack-internal:///(pages-dir-browser)/./node_modules/.pnpm/next@15.5.9_react-dom@19.2.3_react@19.2.3__react@19.2.3/node_modules/next/dist/client/dev/hot-reloader/pages/hot-reloader-pages.js:199:17)
    at eval (webpack-internal:///(pages-dir-browser)/./node_modules/.pnpm/next@15.5.9_react-dom@19.2.3_react@19.2.3__react@19.2.3/node_modules/next/dist/client/dev/hot-reloader/pages/hot-reloader-pages.js:72:13)
    at WebSocket.handleMessage (webpack-internal:///(pages-dir-browser)/./node_modules/.pnpm/next@15.5.9_react-dom@19.2.3_react@19.2.3__react@19.2.3/node_modules/next/dist/client/dev/hot-reloader/pages/websocket.js:69:17)
2026-02-05T23:34:32.480Z [console][warn] [HMR] Invalid message: {"action":"isrManifest","data":{"/":true}}
TypeError: Cannot read properties of undefined (reading 'components')
    at handleStaticIndicator (webpack-internal:///(pages-dir-browser)/./node_modules/.pnpm/next@15.5.9_react-dom@19.2.3_react@19.2.3__react@19.2.3/node_modules/next/dist/client/dev/hot-reloader/pages/hot-reloader-pages.js:182:46)
    at processMessage (webpack-internal:///(pages-dir-browser)/./node_modules/.pnpm/next@15.5.9_react-dom@19.2.3_react@19.2.3__react@19.2.3/node_modules/next/dist/client/dev/hot-reloader/pages/hot-reloader-pages.js:199:17)
    at eval (webpack-internal:///(pages-dir-browser)/./node_modules/.pnpm/next@15.5.9_react-dom@19.2.3_react@19.2.3__react@19.2.3/node_modules/next/dist/client/dev/hot-reloader/pages/hot-reloader-pages.js:72:13)
    at WebSocket.handleMessage (webpack-internal:///(pages-dir-browser)/./node_modules/.pnpm/next@15.5.9_react-dom@19.2.3_react@19.2.3__react@19.2.3/node_modules/next/dist/client/dev/hot-reloader/pages/websocket.js:69:17)
2026-02-05T23:34:33.108Z [console][warn] [HMR] Invalid message: {"action":"isrManifest","data":{"/":true}}
TypeError: Cannot read properties of undefined (reading 'components')
    at handleStaticIndicator (webpack-internal:///(pages-dir-browser)/./node_modules/.pnpm/next@15.5.9_react-dom@19.2.3_react@19.2.3__react@19.2.3/node_modules/next/dist/client/dev/hot-reloader/pages/hot-reloader-pages.js:182:46)
    at processMessage (webpack-internal:///(pages-dir-browser)/./node_modules/.pnpm/next@15.5.9_react-dom@19.2.3_react@19.2.3__react@19.2.3/node_modules/next/dist/client/dev/hot-reloader/pages/hot-reloader-pages.js:199:17)
    at eval (webpack-internal:///(pages-dir-browser)/./node_modules/.pnpm/next@15.5.9_react-dom@19.2.3_react@19.2.3__react@19.2.3/node_modules/next/dist/client/dev/hot-reloader/pages/hot-reloader-pages.js:72:13)
    at WebSocket.handleMessage (webpack-internal:///(pages-dir-browser)/./node_modules/.pnpm/next@15.5.9_react-dom@19.2.3_react@19.2.3__react@19.2.3/node_modules/next/dist/client/dev/hot-reloader/pages/websocket.js:69:17)
2026-02-05T23:34:33.665Z [console][warn] [HMR] Invalid message: {"action":"isrManifest","data":{"/":true}}
TypeError: Cannot read properties of undefined (reading 'components')
    at handleStaticIndicator (webpack-internal:///(pages-dir-browser)/./node_modules/.pnpm/next@15.5.9_react-dom@19.2.3_react@19.2.3__react@19.2.3/node_modules/next/dist/client/dev/hot-reloader/pages/hot-reloader-pages.js:182:46)
    at processMessage (webpack-internal:///(pages-dir-browser)/./node_modules/.pnpm/next@15.5.9_react-dom@19.2.3_react@19.2.3__react@19.2.3/node_modules/next/dist/client/dev/hot-reloader/pages/hot-reloader-pages.js:199:17)
    at eval (webpack-internal:///(pages-dir-browser)/./node_modules/.pnpm/next@15.5.9_react-dom@19.2.3_react@19.2.3__react@19.2.3/node_modules/next/dist/client/dev/hot-reloader/pages/hot-reloader-pages.js:72:13)
    at WebSocket.handleMessage (webpack-internal:///(pages-dir-browser)/./node_modules/.pnpm/next@15.5.9_react-dom@19.2.3_react@19.2.3__react@19.2.3/node_modules/next/dist/client/dev/hot-reloader/pages/websocket.js:69:17)
2026-02-05T23:34:34.212Z [console][warn] [HMR] Invalid message: {"action":"isrManifest","data":{"/":true}}
TypeError: Cannot read properties of undefined (reading 'components')
    at handleStaticIndicator (webpack-internal:///(pages-dir-browser)/./node_modules/.pnpm/next@15.5.9_react-dom@19.2.3_react@19.2.3__react@19.2.3/node_modules/next/dist/client/dev/hot-reloader/pages/hot-reloader-pages.js:182:46)
    at processMessage (webpack-internal:///(pages-dir-browser)/./node_modules/.pnpm/next@15.5.9_react-dom@19.2.3_react@19.2.3__react@19.2.3/node_modules/next/dist/client/dev/hot-reloader/pages/hot-reloader-pages.js:199:17)
    at eval (webpack-internal:///(pages-dir-browser)/./node_modules/.pnpm/next@15.5.9_react-dom@19.2.3_react@19.2.3__react@19.2.3/node_modules/next/dist/client/dev/hot-reloader/pages/hot-reloader-pages.js:72:13)
    at WebSocket.handleMessage (webpack-internal:///(pages-dir-browser)/./node_modules/.pnpm/next@15.5.9_react-dom@19.2.3_react@19.2.3__react@19.2.3/node_modules/next/dist/client/dev/hot-reloader/pages/websocket.js:69:17)
2026-02-05T23:34:34.870Z [console][warn] [HMR] Invalid message: {"action":"isrManifest","data":{"/":true}}
TypeError: Cannot read properties of undefined (reading 'components')
    at handleStaticIndicator (webpack-internal:///(pages-dir-browser)/./node_modules/.pnpm/next@15.5.9_react-dom@19.2.3_react@19.2.3__react@19.2.3/node_modules/next/dist/client/dev/hot-reloader/pages/hot-reloader-pages.js:182:46)
    at processMessage (webpack-internal:///(pages-dir-browser)/./node_modules/.pnpm/next@15.5.9_react-dom@19.2.3_react@19.2.3__react@19.2.3/node_modules/next/dist/client/dev/hot-reloader/pages/hot-reloader-pages.js:199:17)
    at eval (webpack-internal:///(pages-dir-browser)/./node_modules/.pnpm/next@15.5.9_react-dom@19.2.3_react@19.2.3__react@19.2.3/node_modules/next/dist/client/dev/hot-reloader/pages/hot-reloader-pages.js:72:13)
    at WebSocket.handleMessage (webpack-internal:///(pages-dir-browser)/./node_modules/.pnpm/next@15.5.9_react-dom@19.2.3_react@19.2.3__react@19.2.3/node_modules/next/dist/client/dev/hot-reloader/pages/websocket.js:69:17)
2026-02-05T23:34:35.437Z [console][warn] [HMR] Invalid message: {"action":"isrManifest","data":{"/":true}}
TypeError: Cannot read properties of undefined (reading 'components')
    at handleStaticIndicator (webpack-internal:///(pages-dir-browser)/./node_modules/.pnpm/next@15.5.9_react-dom@19.2.3_react@19.2.3__react@19.2.3/node_modules/next/dist/client/dev/hot-reloader/pages/hot-reloader-pages.js:182:46)
    at processMessage (webpack-internal:///(pages-dir-browser)/./node_modules/.pnpm/next@15.5.9_react-dom@19.2.3_react@19.2.3__react@19.2.3/node_modules/next/dist/client/dev/hot-reloader/pages/hot-reloader-pages.js:199:17)
    at eval (webpack-internal:///(pages-dir-browser)/./node_modules/.pnpm/next@15.5.9_react-dom@19.2.3_react@19.2.3__react@19.2.3/node_modules/next/dist/client/dev/hot-reloader/pages/hot-reloader-pages.js:72:13)
    at WebSocket.handleMessage (webpack-internal:///(pages-dir-browser)/./node_modules/.pnpm/next@15.5.9_react-dom@19.2.3_react@19.2.3__react@19.2.3/node_modules/next/dist/client/dev/hot-reloader/pages/websocket.js:69:17)
2026-02-05T23:34:35.993Z [console][warn] [HMR] Invalid message: {"action":"isrManifest","data":{"/":true}}
TypeError: Cannot read properties of undefined (reading 'components')
    at handleStaticIndicator (webpack-internal:///(pages-dir-browser)/./node_modules/.pnpm/next@15.5.9_react-dom@19.2.3_react@19.2.3__react@19.2.3/node_modules/next/dist/client/dev/hot-reloader/pages/hot-reloader-pages.js:182:46)
    at processMessage (webpack-internal:///(pages-dir-browser)/./node_modules/.pnpm/next@15.5.9_react-dom@19.2.3_react@19.2.3__react@19.2.3/node_modules/next/dist/client/dev/hot-reloader/pages/hot-reloader-pages.js:199:17)
    at eval (webpack-internal:///(pages-dir-browser)/./node_modules/.pnpm/next@15.5.9_react-dom@19.2.3_react@19.2.3__react@19.2.3/node_modules/next/dist/client/dev/hot-reloader/pages/hot-reloader-pages.js:72:13)
    at WebSocket.handleMessage (webpack-internal:///(pages-dir-browser)/./node_modules/.pnpm/next@15.5.9_react-dom@19.2.3_react@19.2.3__react@19.2.3/node_modules/next/dist/client/dev/hot-reloader/pages/websocket.js:69:17)
2026-02-05T23:34:36.636Z [console][warn] [HMR] Invalid message: {"action":"isrManifest","data":{"/":true}}
TypeError: Cannot read properties of undefined (reading 'components')
    at handleStaticIndicator (webpack-internal:///(pages-dir-browser)/./node_modules/.pnpm/next@15.5.9_react-dom@19.2.3_react@19.2.3__react@19.2.3/node_modules/next/dist/client/dev/hot-reloader/pages/hot-reloader-pages.js:182:46)
    at processMessage (webpack-internal:///(pages-dir-browser)/./node_modules/.pnpm/next@15.5.9_react-dom@19.2.3_react@19.2.3__react@19.2.3/node_modules/next/dist/client/dev/hot-reloader/pages/hot-reloader-pages.js:199:17)
    at eval (webpack-internal:///(pages-dir-browser)/./node_modules/.pnpm/next@15.5.9_react-dom@19.2.3_react@19.2.3__react@19.2.3/node_modules/next/dist/client/dev/hot-reloader/pages/hot-reloader-pages.js:72:13)
    at WebSocket.handleMessage (webpack-internal:///(pages-dir-browser)/./node_modules/.pnpm/next@15.5.9_react-dom@19.2.3_react@19.2.3__react@19.2.3/node_modules/next/dist/client/dev/hot-reloader/pages/websocket.js:69:17)
2026-02-05T23:33:40.614Z [network][GET 404] /_next/static/webpack/dd02f7986b83876b.webpack.hot-update.json
  response: Not Found
2026-02-05T23:33:41.624Z [network][GET 404] /_next/static/webpack/dd02f7986b83876b.webpack.hot-update.json
  response: Not Found
2026-02-05T23:33:43.200Z [network][GET 404] /_next/static/webpack/dd02f7986b83876b.webpack.hot-update.json
  response: Not Found
2026-02-05T23:33:44.456Z [network][GET 404] /_next/static/webpack/dd02f7986b83876b.webpack.hot-update.json
  response: Not Found
2026-02-05T23:33:45.706Z [network][GET 404] /_next/static/webpack/dd02f7986b83876b.webpack.hot-update.json
  response: Not Found
2026-02-05T23:33:46.927Z [network][GET 404] /_next/static/webpack/dd02f7986b83876b.webpack.hot-update.json
  response: Not Found
2026-02-05T23:33:51.164Z [network][GET 404] /_next/static/webpack/dd02f7986b83876b.webpack.hot-update.json
  response: Not Found
2026-02-05T23:33:51.922Z [network][GET 404] /_next/static/webpack/dd02f7986b83876b.webpack.hot-update.json
  response: Not Found
2026-02-05T23:33:56.346Z [network][GET 404] /_next/static/webpack/dd02f7986b83876b.webpack.hot-update.json
  response: Not Found
2026-02-05T23:34:01.541Z [network][GET 404] /_next/static/webpack/dd02f7986b83876b.webpack.hot-update.json
  response: Not Found
2026-02-05T23:34:05.732Z [network][GET 404] /_next/static/webpack/dd02f7986b83876b.webpack.hot-update.json
  response: Not Found
2026-02-05T23:34:08.906Z [network][GET 404] /_next/static/webpack/dd02f7986b83876b.webpack.hot-update.json
  response: Not Found
2026-02-05T23:34:09.599Z [network][GET 404] /_next/static/webpack/dd02f7986b83876b.webpack.hot-update.json
  response: Not Found
2026-02-05T23:34:13.221Z [network][GET 404] /_next/static/webpack/dd02f7986b83876b.webpack.hot-update.json
  response: Not Found
2026-02-05T23:34:19.995Z [network][GET 404] /_next/static/webpack/dd02f7986b83876b.webpack.hot-update.json
  response: Not Found
2026-02-05T23:34:25.096Z [network][GET 404] /_next/static/webpack/dd02f7986b83876b.webpack.hot-update.json
  response: Not Found
2026-02-05T23:34:28.430Z [network][GET 404] /_next/static/webpack/dd02f7986b83876b.webpack.hot-update.json
  response: Not Found
2026-02-05T23:34:29.795Z [network][GET 404] /_next/static/webpack/dd02f7986b83876b.webpack.hot-update.json
  response: Not Found
2026-02-05T23:34:30.460Z [network][GET 404] /_next/static/webpack/dd02f7986b83876b.webpack.hot-update.json
  response: Not Found
2026-02-05T23:34:31.040Z [network][GET 404] /_next/static/webpack/dd02f7986b83876b.webpack.hot-update.json
  response: Not Found
2026-02-05T23:34:31.595Z [network][GET 404] /_next/static/webpack/dd02f7986b83876b.webpack.hot-update.json
  response: Not Found
2026-02-05T23:34:32.182Z [network][GET 404] /_next/static/webpack/dd02f7986b83876b.webpack.hot-update.json
  response: Not Found
2026-02-05T23:34:32.779Z [network][GET 404] /_next/static/webpack/dd02f7986b83876b.webpack.hot-update.json
  response: Not Found
2026-02-05T23:34:33.366Z [network][GET 404] /_next/static/webpack/dd02f7986b83876b.webpack.hot-update.json
  response: Not Found
2026-02-05T23:34:33.916Z [network][GET 404] /_next/static/webpack/dd02f7986b83876b.webpack.hot-update.json
  response: Not Found
2026-02-05T23:34:34.544Z [network][GET 404] /_next/static/webpack/dd02f7986b83876b.webpack.hot-update.json
  response: Not Found
2026-02-05T23:34:35.138Z [network][GET 404] /_next/static/webpack/dd02f7986b83876b.webpack.hot-update.json
  response: Not Found
2026-02-05T23:34:35.693Z [network][GET 404] /_next/static/webpack/dd02f7986b83876b.webpack.hot-update.json
  response: Not Found
2026-02-05T23:34:36.327Z [network][GET 404] /_next/static/webpack/dd02f7986b83876b.webpack.hot-update.json
  response: Not Found
2026-02-05T23:34:37.052Z [network][GET 404] /_next/static/webpack/dd02f7986b83876b.webpack.hot-update.json
  response: Not Found
